+ RED='\033[0;31m'
+ NC='\033[0m'
+ BLUE='\033[0;34m'
+ PURPLE='\033[0;35m'
+ CYAN='\033[0;36m'
+ WHITE='\033[0;37m'
+ BBlack='\033[1;30m'
+ BRed='\033[1;31m'
+ BGreen='\033[1;32m'
+ BYellow='\033[1;33m'
+ BBlue='\033[1;34m'
+ BPurple='\033[1;35m'
+ BCyan='\033[1;36m'
+ BWhite='\033[1;37m'
+ DEFAUL_DOWNLOAD_IMG=https://static.mercdn.net/item/detail/orig/photos
++ uname -m
+ OS=x86_64
+ _name_=list_hang
+ input=/mnt/d/project/bash-script/phase/phase15/phase15.txt
++ basename /mnt/d/project/bash-script/phase/phase15/phase15.txt .txt
+ input_base_name=phase15
++ dirname /mnt/d/project/bash-script/phase/phase15/phase15.txt
+ input_dir_name=/mnt/d/project/bash-script/phase/phase15
+ destination_folder=/mnt/c/Users/bduy1/Desktop/PHASE-IMG//phase15-img
+ rm -rf /mnt/d/project/bash-script/phase/phase15/phase15_copy.txt
+ rm -rf /mnt/d/project/bash-script/phase/phase15/phase15_remain.txt
+ cp /mnt/d/project/bash-script/phase/phase15/phase15.txt /mnt/d/project/bash-script/phase/phase15/phase15_copy.txt
+ bought_list_without_link=/mnt/c/Users/bduy1/Desktop/PHASE-IMG//phase15-img/list_hang.txt
+ rm -rf /mnt/c/Users/bduy1/Desktop/PHASE-IMG//phase15-img/list_hang.txt
+ rm -rf phase15_remain.txt
+ touch /mnt/c/Users/bduy1/Desktop/PHASE-IMG//phase15-img/list_hang.txt
+ touch /mnt/d/project/bash-script/phase/phase15/phase15_remain.txt
+ mkdir -p /mnt/c/Users/bduy1/Desktop/PHASE-IMG//phase15-img
+ IFS=
+ read -r line
++ echo 'https://jp.mercari.com/item/m40190022831,goku mai rùa soft vinyl,JP,2ND'
++ cut -d , -f 1
+ link=https://jp.mercari.com/item/m40190022831
++ echo https://jp.mercari.com/item/m40190022831
++ grep paypayfleamarket
+ mer_or_flea=
++ echo 'https://jp.mercari.com/item/m40190022831,goku mai rùa soft vinyl,JP,2ND'
++ cut -d , -f 2
+ name='goku mai rùa soft vinyl'
++ echo https://jp.mercari.com/item/m40190022831
++ rev
++ cut -d/ -f 1
++ rev
+ ID=m40190022831
++ echo 'https://jp.mercari.com/item/m40190022831,goku mai rùa soft vinyl,JP,2ND'
++ cut -d , -f 3
+ state=JP
++ echo 'https://jp.mercari.com/item/m40190022831,goku mai rùa soft vinyl,JP,2ND'
++ cut -d , -f 4
+ condition=2ND
+ '[' JP = JP ']'
+ echo 'goku mai rùa soft vinyl,2ND'
+ product_folder='/mnt/c/Users/bduy1/Desktop/PHASE-IMG//phase15-img/goku mai rùa soft vinyl'
+ product_folder_1='/mnt/c/Users/bduy1/Desktop/PHASE-IMG//phase15-img/[VN]_goku mai rùa soft vinyl_[2ND]'
+ '[' -d '/mnt/c/Users/bduy1/Desktop/PHASE-IMG//phase15-img/goku mai rùa soft vinyl' ']'
+ '[' -d '/mnt/c/Users/bduy1/Desktop/PHASE-IMG//phase15-img/[VN]_goku mai rùa soft vinyl_[2ND]' ']'
++ cat '/mnt/c/Users/bduy1/Desktop/PHASE-IMG//phase15-img/[VN]_goku mai rùa soft vinyl_[2ND]/secret_link'
+ secret_ID=m40190022831
+ chmod 444 '/mnt/c/Users/bduy1/Desktop/PHASE-IMG//phase15-img/[VN]_goku mai rùa soft vinyl_[2ND]/secret_link'
+ '[' m40190022831 = m40190022831 ']'
+ echo -e '\033[0;36mFolder /mnt/c/Users/bduy1/Desktop/PHASE-IMG//phase15-img/[VN]_goku mai rùa soft vinyl_[2ND] Already exist and already changed the name \033[0m'
[0;36mFolder /mnt/c/Users/bduy1/Desktop/PHASE-IMG//phase15-img/[VN]_goku mai rùa soft vinyl_[2ND] Already exist and already changed the name [0m
+ IFS=
+ read -r line
++ echo 'https://jp.mercari.com/item/m38923619622,set 5 wcf,JP,2ND'
++ cut -d , -f 1
+ link=https://jp.mercari.com/item/m38923619622
++ echo https://jp.mercari.com/item/m38923619622
++ grep paypayfleamarket
+ mer_or_flea=
++ echo 'https://jp.mercari.com/item/m38923619622,set 5 wcf,JP,2ND'
++ cut -d , -f 2
+ name='set 5 wcf'
++ echo https://jp.mercari.com/item/m38923619622
++ rev
++ cut -d/ -f 1
++ rev
+ ID=m38923619622
++ echo 'https://jp.mercari.com/item/m38923619622,set 5 wcf,JP,2ND'
++ cut -d , -f 3
+ state=JP
++ echo 'https://jp.mercari.com/item/m38923619622,set 5 wcf,JP,2ND'
++ cut -d , -f 4
+ condition=2ND
+ '[' JP = JP ']'
+ echo 'set 5 wcf,2ND'
+ product_folder='/mnt/c/Users/bduy1/Desktop/PHASE-IMG//phase15-img/set 5 wcf'
+ product_folder_1='/mnt/c/Users/bduy1/Desktop/PHASE-IMG//phase15-img/[VN]_set 5 wcf_[2ND]'
+ '[' -d '/mnt/c/Users/bduy1/Desktop/PHASE-IMG//phase15-img/set 5 wcf' ']'
+ '[' -d '/mnt/c/Users/bduy1/Desktop/PHASE-IMG//phase15-img/[VN]_set 5 wcf_[2ND]' ']'
++ cat '/mnt/c/Users/bduy1/Desktop/PHASE-IMG//phase15-img/[VN]_set 5 wcf_[2ND]/secret_link'
+ secret_ID=m38923619622
+ chmod 444 '/mnt/c/Users/bduy1/Desktop/PHASE-IMG//phase15-img/[VN]_set 5 wcf_[2ND]/secret_link'
+ '[' m38923619622 = m38923619622 ']'
+ echo -e '\033[0;36mFolder /mnt/c/Users/bduy1/Desktop/PHASE-IMG//phase15-img/[VN]_set 5 wcf_[2ND] Already exist and already changed the name \033[0m'
[0;36mFolder /mnt/c/Users/bduy1/Desktop/PHASE-IMG//phase15-img/[VN]_set 5 wcf_[2ND] Already exist and already changed the name [0m
+ IFS=
+ read -r line
++ echo 'https://jp.mercari.com/item/m61699966782,vegeta-trưởng lão,NA,2ND'
++ cut -d , -f 1
+ link=https://jp.mercari.com/item/m61699966782
++ echo https://jp.mercari.com/item/m61699966782
++ grep paypayfleamarket
+ mer_or_flea=
++ echo 'https://jp.mercari.com/item/m61699966782,vegeta-trưởng lão,NA,2ND'
++ cut -d , -f 2
+ name='vegeta-trưởng lão'
++ echo https://jp.mercari.com/item/m61699966782
++ rev
++ cut -d/ -f 1
++ rev
+ ID=m61699966782
++ echo 'https://jp.mercari.com/item/m61699966782,vegeta-trưởng lão,NA,2ND'
++ cut -d , -f 3
+ state=NA
++ echo 'https://jp.mercari.com/item/m61699966782,vegeta-trưởng lão,NA,2ND'
++ cut -d , -f 4
+ condition=2ND
+ '[' NA = JP ']'
+ '[' NA = JP-VN ']'
+ '[' NA = NA ']'
+ echo 'https://jp.mercari.com/item/m61699966782,vegeta-trưởng lão,NA,2ND'
+ product_folder='/mnt/c/Users/bduy1/Desktop/PHASE-IMG//phase15-img/vegeta-trưởng lão'
+ product_folder_1='/mnt/c/Users/bduy1/Desktop/PHASE-IMG//phase15-img/[VN]_vegeta-trưởng lão_[2ND]'
+ '[' -d '/mnt/c/Users/bduy1/Desktop/PHASE-IMG//phase15-img/vegeta-trưởng lão' ']'
++ cat '/mnt/c/Users/bduy1/Desktop/PHASE-IMG//phase15-img/vegeta-trưởng lão/secret_link'
+ secret_ID=m61699966782
+ chmod 444 '/mnt/c/Users/bduy1/Desktop/PHASE-IMG//phase15-img/vegeta-trưởng lão/secret_link'
+ '[' m61699966782 = m61699966782 ']'
+ echo -e '\033[0;31mFolder /mnt/c/Users/bduy1/Desktop/PHASE-IMG//phase15-img/vegeta-trưởng lão Already exist \033[0m'
[0;31mFolder /mnt/c/Users/bduy1/Desktop/PHASE-IMG//phase15-img/vegeta-trưởng lão Already exist [0m
+ IFS=
+ read -r line
++ echo 'https://jp.mercari.com/item/m14952225011,wcf zaborn-fidex2-archives,JP,2ND'
++ cut -d , -f 1
+ link=https://jp.mercari.com/item/m14952225011
++ echo https://jp.mercari.com/item/m14952225011
++ grep paypayfleamarket
+ mer_or_flea=
++ echo 'https://jp.mercari.com/item/m14952225011,wcf zaborn-fidex2-archives,JP,2ND'
++ cut -d , -f 2
+ name='wcf zaborn-fidex2-archives'
++ echo https://jp.mercari.com/item/m14952225011
++ rev
++ cut -d/ -f 1
++ rev
+ ID=m14952225011
++ echo 'https://jp.mercari.com/item/m14952225011,wcf zaborn-fidex2-archives,JP,2ND'
++ cut -d , -f 3
+ state=JP
++ echo 'https://jp.mercari.com/item/m14952225011,wcf zaborn-fidex2-archives,JP,2ND'
++ cut -d , -f 4
+ condition=2ND
+ '[' JP = JP ']'
+ echo 'wcf zaborn-fidex2-archives,2ND'
+ product_folder='/mnt/c/Users/bduy1/Desktop/PHASE-IMG//phase15-img/wcf zaborn-fidex2-archives'
+ product_folder_1='/mnt/c/Users/bduy1/Desktop/PHASE-IMG//phase15-img/[VN]_wcf zaborn-fidex2-archives_[2ND]'
+ '[' -d '/mnt/c/Users/bduy1/Desktop/PHASE-IMG//phase15-img/wcf zaborn-fidex2-archives' ']'
+ '[' -d '/mnt/c/Users/bduy1/Desktop/PHASE-IMG//phase15-img/[VN]_wcf zaborn-fidex2-archives_[2ND]' ']'
++ cat '/mnt/c/Users/bduy1/Desktop/PHASE-IMG//phase15-img/[VN]_wcf zaborn-fidex2-archives_[2ND]/secret_link'
+ secret_ID=m14952225011
+ chmod 444 '/mnt/c/Users/bduy1/Desktop/PHASE-IMG//phase15-img/[VN]_wcf zaborn-fidex2-archives_[2ND]/secret_link'
+ '[' m14952225011 = m14952225011 ']'
+ echo -e '\033[0;36mFolder /mnt/c/Users/bduy1/Desktop/PHASE-IMG//phase15-img/[VN]_wcf zaborn-fidex2-archives_[2ND] Already exist and already changed the name \033[0m'
[0;36mFolder /mnt/c/Users/bduy1/Desktop/PHASE-IMG//phase15-img/[VN]_wcf zaborn-fidex2-archives_[2ND] Already exist and already changed the name [0m
+ IFS=
+ read -r line
++ echo https://jp.mercari.com/item/m50735613481,waver-ichiban,JP,2ND
++ cut -d , -f 1
+ link=https://jp.mercari.com/item/m50735613481
++ echo https://jp.mercari.com/item/m50735613481
++ grep paypayfleamarket
+ mer_or_flea=
++ echo https://jp.mercari.com/item/m50735613481,waver-ichiban,JP,2ND
++ cut -d , -f 2
+ name=waver-ichiban
++ echo https://jp.mercari.com/item/m50735613481
++ rev
++ cut -d/ -f 1
++ rev
+ ID=m50735613481
++ echo https://jp.mercari.com/item/m50735613481,waver-ichiban,JP,2ND
++ cut -d , -f 3
+ state=JP
++ echo https://jp.mercari.com/item/m50735613481,waver-ichiban,JP,2ND
++ cut -d , -f 4
+ condition=2ND
+ '[' JP = JP ']'
+ echo waver-ichiban,2ND
+ product_folder=/mnt/c/Users/bduy1/Desktop/PHASE-IMG//phase15-img/waver-ichiban
+ product_folder_1='/mnt/c/Users/bduy1/Desktop/PHASE-IMG//phase15-img/[VN]_waver-ichiban_[2ND]'
+ '[' -d /mnt/c/Users/bduy1/Desktop/PHASE-IMG//phase15-img/waver-ichiban ']'
+ '[' -d '/mnt/c/Users/bduy1/Desktop/PHASE-IMG//phase15-img/[VN]_waver-ichiban_[2ND]' ']'
++ cat '/mnt/c/Users/bduy1/Desktop/PHASE-IMG//phase15-img/[VN]_waver-ichiban_[2ND]/secret_link'
+ secret_ID=m50735613481
+ chmod 444 '/mnt/c/Users/bduy1/Desktop/PHASE-IMG//phase15-img/[VN]_waver-ichiban_[2ND]/secret_link'
+ '[' m50735613481 = m50735613481 ']'
+ echo -e '\033[0;36mFolder /mnt/c/Users/bduy1/Desktop/PHASE-IMG//phase15-img/[VN]_waver-ichiban_[2ND] Already exist and already changed the name \033[0m'
[0;36mFolder /mnt/c/Users/bduy1/Desktop/PHASE-IMG//phase15-img/[VN]_waver-ichiban_[2ND] Already exist and already changed the name [0m
+ IFS=
+ read -r line
++ echo https://jp.mercari.com/item/m87720757832,4-box-dxf,NA,2ND
++ cut -d , -f 1
+ link=https://jp.mercari.com/item/m87720757832
++ echo https://jp.mercari.com/item/m87720757832
++ grep paypayfleamarket
+ mer_or_flea=
++ echo https://jp.mercari.com/item/m87720757832,4-box-dxf,NA,2ND
++ cut -d , -f 2
+ name=4-box-dxf
++ echo https://jp.mercari.com/item/m87720757832
++ rev
++ cut -d/ -f 1
++ rev
+ ID=m87720757832
++ echo https://jp.mercari.com/item/m87720757832,4-box-dxf,NA,2ND
++ cut -d , -f 3
+ state=NA
++ echo https://jp.mercari.com/item/m87720757832,4-box-dxf,NA,2ND
++ cut -d , -f 4
+ condition=2ND
+ '[' NA = JP ']'
+ '[' NA = JP-VN ']'
+ '[' NA = NA ']'
+ echo https://jp.mercari.com/item/m87720757832,4-box-dxf,NA,2ND
+ product_folder=/mnt/c/Users/bduy1/Desktop/PHASE-IMG//phase15-img/4-box-dxf
+ product_folder_1='/mnt/c/Users/bduy1/Desktop/PHASE-IMG//phase15-img/[VN]_4-box-dxf_[2ND]'
+ '[' -d /mnt/c/Users/bduy1/Desktop/PHASE-IMG//phase15-img/4-box-dxf ']'
++ cat /mnt/c/Users/bduy1/Desktop/PHASE-IMG//phase15-img/4-box-dxf/secret_link
+ secret_ID=m87720757832
+ chmod 444 /mnt/c/Users/bduy1/Desktop/PHASE-IMG//phase15-img/4-box-dxf/secret_link
+ '[' m87720757832 = m87720757832 ']'
+ echo -e '\033[0;31mFolder /mnt/c/Users/bduy1/Desktop/PHASE-IMG//phase15-img/4-box-dxf Already exist \033[0m'
[0;31mFolder /mnt/c/Users/bduy1/Desktop/PHASE-IMG//phase15-img/4-box-dxf Already exist [0m
+ IFS=
+ read -r line
++ echo 'https://jp.mercari.com/item/m83490202161,ssk hscf 10,NA,2ND'
++ cut -d , -f 1
+ link=https://jp.mercari.com/item/m83490202161
++ echo https://jp.mercari.com/item/m83490202161
++ grep paypayfleamarket
+ mer_or_flea=
++ echo 'https://jp.mercari.com/item/m83490202161,ssk hscf 10,NA,2ND'
++ cut -d , -f 2
+ name='ssk hscf 10'
++ echo https://jp.mercari.com/item/m83490202161
++ rev
++ cut -d/ -f 1
++ rev
+ ID=m83490202161
++ echo 'https://jp.mercari.com/item/m83490202161,ssk hscf 10,NA,2ND'
++ cut -d , -f 3
+ state=NA
++ echo 'https://jp.mercari.com/item/m83490202161,ssk hscf 10,NA,2ND'
++ cut -d , -f 4
+ condition=2ND
+ '[' NA = JP ']'
+ '[' NA = JP-VN ']'
+ '[' NA = NA ']'
+ echo 'https://jp.mercari.com/item/m83490202161,ssk hscf 10,NA,2ND'
+ product_folder='/mnt/c/Users/bduy1/Desktop/PHASE-IMG//phase15-img/ssk hscf 10'
+ product_folder_1='/mnt/c/Users/bduy1/Desktop/PHASE-IMG//phase15-img/[VN]_ssk hscf 10_[2ND]'
+ '[' -d '/mnt/c/Users/bduy1/Desktop/PHASE-IMG//phase15-img/ssk hscf 10' ']'
++ cat '/mnt/c/Users/bduy1/Desktop/PHASE-IMG//phase15-img/ssk hscf 10/secret_link'
+ secret_ID=m83490202161
+ chmod 444 '/mnt/c/Users/bduy1/Desktop/PHASE-IMG//phase15-img/ssk hscf 10/secret_link'
+ '[' m83490202161 = m83490202161 ']'
+ echo -e '\033[0;31mFolder /mnt/c/Users/bduy1/Desktop/PHASE-IMG//phase15-img/ssk hscf 10 Already exist \033[0m'
[0;31mFolder /mnt/c/Users/bduy1/Desktop/PHASE-IMG//phase15-img/ssk hscf 10 Already exist [0m
+ IFS=
+ read -r line
++ echo 'https://jp.mercari.com/item/m33405830170,4 wcf nar new,NA,NEW'
++ cut -d , -f 1
+ link=https://jp.mercari.com/item/m33405830170
++ echo https://jp.mercari.com/item/m33405830170
++ grep paypayfleamarket
+ mer_or_flea=
++ echo 'https://jp.mercari.com/item/m33405830170,4 wcf nar new,NA,NEW'
++ cut -d , -f 2
+ name='4 wcf nar new'
++ echo https://jp.mercari.com/item/m33405830170
++ rev
++ cut -d/ -f 1
++ rev
+ ID=m33405830170
++ echo 'https://jp.mercari.com/item/m33405830170,4 wcf nar new,NA,NEW'
++ cut -d , -f 3
+ state=NA
++ echo 'https://jp.mercari.com/item/m33405830170,4 wcf nar new,NA,NEW'
++ cut -d , -f 4
+ condition=NEW
+ '[' NA = JP ']'
+ '[' NA = JP-VN ']'
+ '[' NA = NA ']'
+ echo 'https://jp.mercari.com/item/m33405830170,4 wcf nar new,NA,NEW'
+ product_folder='/mnt/c/Users/bduy1/Desktop/PHASE-IMG//phase15-img/4 wcf nar new'
+ product_folder_1='/mnt/c/Users/bduy1/Desktop/PHASE-IMG//phase15-img/[VN]_4 wcf nar new_[NEW]'
+ '[' -d '/mnt/c/Users/bduy1/Desktop/PHASE-IMG//phase15-img/4 wcf nar new' ']'
++ cat '/mnt/c/Users/bduy1/Desktop/PHASE-IMG//phase15-img/4 wcf nar new/secret_link'
+ secret_ID=m33405830170
+ chmod 444 '/mnt/c/Users/bduy1/Desktop/PHASE-IMG//phase15-img/4 wcf nar new/secret_link'
+ '[' m33405830170 = m33405830170 ']'
+ echo -e '\033[0;31mFolder /mnt/c/Users/bduy1/Desktop/PHASE-IMG//phase15-img/4 wcf nar new Already exist \033[0m'
[0;31mFolder /mnt/c/Users/bduy1/Desktop/PHASE-IMG//phase15-img/4 wcf nar new Already exist [0m
+ IFS=
+ read -r line
++ echo 'https://jp.mercari.com/item/m72183176344,goku GROS-gohan msp,NA,2ND'
++ cut -d , -f 1
+ link=https://jp.mercari.com/item/m72183176344
++ echo https://jp.mercari.com/item/m72183176344
++ grep paypayfleamarket
+ mer_or_flea=
++ echo 'https://jp.mercari.com/item/m72183176344,goku GROS-gohan msp,NA,2ND'
++ cut -d , -f 2
+ name='goku GROS-gohan msp'
++ echo https://jp.mercari.com/item/m72183176344
++ rev
++ cut -d/ -f 1
++ rev
+ ID=m72183176344
++ echo 'https://jp.mercari.com/item/m72183176344,goku GROS-gohan msp,NA,2ND'
++ cut -d , -f 3
+ state=NA
++ echo 'https://jp.mercari.com/item/m72183176344,goku GROS-gohan msp,NA,2ND'
++ cut -d , -f 4
+ condition=2ND
+ '[' NA = JP ']'
+ '[' NA = JP-VN ']'
+ '[' NA = NA ']'
+ echo 'https://jp.mercari.com/item/m72183176344,goku GROS-gohan msp,NA,2ND'
+ product_folder='/mnt/c/Users/bduy1/Desktop/PHASE-IMG//phase15-img/goku GROS-gohan msp'
+ product_folder_1='/mnt/c/Users/bduy1/Desktop/PHASE-IMG//phase15-img/[VN]_goku GROS-gohan msp_[2ND]'
+ '[' -d '/mnt/c/Users/bduy1/Desktop/PHASE-IMG//phase15-img/goku GROS-gohan msp' ']'
++ cat '/mnt/c/Users/bduy1/Desktop/PHASE-IMG//phase15-img/goku GROS-gohan msp/secret_link'
+ secret_ID=m72183176344
+ chmod 444 '/mnt/c/Users/bduy1/Desktop/PHASE-IMG//phase15-img/goku GROS-gohan msp/secret_link'
+ '[' m72183176344 = m72183176344 ']'
+ echo -e '\033[0;31mFolder /mnt/c/Users/bduy1/Desktop/PHASE-IMG//phase15-img/goku GROS-gohan msp Already exist \033[0m'
[0;31mFolder /mnt/c/Users/bduy1/Desktop/PHASE-IMG//phase15-img/goku GROS-gohan msp Already exist [0m
+ IFS=
+ read -r line
++ echo 'https://jp.mercari.com/item/m13546254737,goku FES,NA,2ND'
++ cut -d , -f 1
+ link=https://jp.mercari.com/item/m13546254737
++ echo https://jp.mercari.com/item/m13546254737
++ grep paypayfleamarket
+ mer_or_flea=
++ echo 'https://jp.mercari.com/item/m13546254737,goku FES,NA,2ND'
++ cut -d , -f 2
+ name='goku FES'
++ echo https://jp.mercari.com/item/m13546254737
++ rev
++ cut -d/ -f 1
++ rev
+ ID=m13546254737
++ echo 'https://jp.mercari.com/item/m13546254737,goku FES,NA,2ND'
++ cut -d , -f 3
+ state=NA
++ echo 'https://jp.mercari.com/item/m13546254737,goku FES,NA,2ND'
++ cut -d , -f 4
+ condition=2ND
+ '[' NA = JP ']'
+ '[' NA = JP-VN ']'
+ '[' NA = NA ']'
+ echo 'https://jp.mercari.com/item/m13546254737,goku FES,NA,2ND'
+ product_folder='/mnt/c/Users/bduy1/Desktop/PHASE-IMG//phase15-img/goku FES'
+ product_folder_1='/mnt/c/Users/bduy1/Desktop/PHASE-IMG//phase15-img/[VN]_goku FES_[2ND]'
+ '[' -d '/mnt/c/Users/bduy1/Desktop/PHASE-IMG//phase15-img/goku FES' ']'
++ cat '/mnt/c/Users/bduy1/Desktop/PHASE-IMG//phase15-img/goku FES/secret_link'
+ secret_ID=m13546254737
+ chmod 444 '/mnt/c/Users/bduy1/Desktop/PHASE-IMG//phase15-img/goku FES/secret_link'
+ '[' m13546254737 = m13546254737 ']'
+ echo -e '\033[0;31mFolder /mnt/c/Users/bduy1/Desktop/PHASE-IMG//phase15-img/goku FES Already exist \033[0m'
[0;31mFolder /mnt/c/Users/bduy1/Desktop/PHASE-IMG//phase15-img/goku FES Already exist [0m
+ IFS=
+ read -r line
++ echo 'https://jp.mercari.com/item/m24713837269,set 5 wcf naruto,NEW'
++ cut -d , -f 1
+ link=https://jp.mercari.com/item/m24713837269
++ echo https://jp.mercari.com/item/m24713837269
++ grep paypayfleamarket
+ mer_or_flea=
++ echo 'https://jp.mercari.com/item/m24713837269,set 5 wcf naruto,NEW'
++ cut -d , -f 2
+ name='set 5 wcf naruto'
++ echo https://jp.mercari.com/item/m24713837269
++ rev
++ cut -d/ -f 1
++ rev
+ ID=m24713837269
++ echo 'https://jp.mercari.com/item/m24713837269,set 5 wcf naruto,NEW'
++ cut -d , -f 3
+ state=NEW
++ echo 'https://jp.mercari.com/item/m24713837269,set 5 wcf naruto,NEW'
++ cut -d , -f 4
+ condition=
+ '[' NEW = JP ']'
+ '[' NEW = JP-VN ']'
+ '[' NEW = NA ']'
+ product_folder='/mnt/c/Users/bduy1/Desktop/PHASE-IMG//phase15-img/set 5 wcf naruto'
+ product_folder_1='/mnt/c/Users/bduy1/Desktop/PHASE-IMG//phase15-img/[VN]_set 5 wcf naruto_[]'
+ '[' -d '/mnt/c/Users/bduy1/Desktop/PHASE-IMG//phase15-img/set 5 wcf naruto' ']'
++ cat '/mnt/c/Users/bduy1/Desktop/PHASE-IMG//phase15-img/set 5 wcf naruto/secret_link'
+ secret_ID=m24713837269
+ chmod 444 '/mnt/c/Users/bduy1/Desktop/PHASE-IMG//phase15-img/set 5 wcf naruto/secret_link'
+ '[' m24713837269 = m24713837269 ']'
+ echo -e '\033[0;31mFolder /mnt/c/Users/bduy1/Desktop/PHASE-IMG//phase15-img/set 5 wcf naruto Already exist \033[0m'
[0;31mFolder /mnt/c/Users/bduy1/Desktop/PHASE-IMG//phase15-img/set 5 wcf naruto Already exist [0m
+ IFS=
+ read -r line
+ IFS=
+ read -r line
++ echo 'goku mai rùa soft vinyl,2ND'
++ cut -d , -f 1
+ bought_name='goku mai rùa soft vinyl'
++ echo 'goku mai rùa soft vinyl,2ND'
++ cut -d , -f 2
+ bought_state=2ND
++ ls /mnt/c/Users/bduy1/Desktop/PHASE-IMG//phase15-img
++ grep 'goku mai rùa soft vinyl'
+ file='[VN]_goku mai rùa soft vinyl_[2ND]'
+ file1='[VN]_goku mai rùa soft vinyl_[2ND]'
+ '[' -z '[VN]_goku mai rùa soft vinyl_[2ND]' ']'
+ '[' '[VN]_goku mai rùa soft vinyl_[2ND]' = '[VN]_goku mai rùa soft vinyl_[2ND]' ']'
+ echo -e '\033[0;36mFolder /mnt/c/Users/bduy1/Desktop/PHASE-IMG//phase15-img/[VN]_goku mai rùa soft vinyl_[2ND] already changed the name and state\033[0m'
[0;36mFolder /mnt/c/Users/bduy1/Desktop/PHASE-IMG//phase15-img/[VN]_goku mai rùa soft vinyl_[2ND] already changed the name and state[0m
+ IFS=
+ read -r line
++ echo 'set 5 wcf,2ND'
++ cut -d , -f 1
+ bought_name='set 5 wcf'
++ echo 'set 5 wcf,2ND'
++ cut -d , -f 2
+ bought_state=2ND
++ ls /mnt/c/Users/bduy1/Desktop/PHASE-IMG//phase15-img
++ grep 'set 5 wcf'
+ file='[VN]_set 5 wcf_[2ND]
set 5 wcf naruto'
+ file1='[VN]_set 5 wcf_[2ND]'
+ '[' -z '[VN]_set 5 wcf_[2ND]
set 5 wcf naruto' ']'
+ '[' '[VN]_set 5 wcf_[2ND]
set 5 wcf naruto' = '[VN]_set 5 wcf_[2ND]' ']'
+ mv '/mnt/c/Users/bduy1/Desktop/PHASE-IMG//phase15-img/set 5 wcf' '/mnt/c/Users/bduy1/Desktop/PHASE-IMG//phase15-img/[VN]_set 5 wcf_[2ND]'
mv: cannot stat '/mnt/c/Users/bduy1/Desktop/PHASE-IMG//phase15-img/set 5 wcf': No such file or directory
+ IFS=
+ read -r line
++ echo 'wcf zaborn-fidex2-archives,2ND'
++ cut -d , -f 1
+ bought_name='wcf zaborn-fidex2-archives'
++ cut -d , -f 2
++ echo 'wcf zaborn-fidex2-archives,2ND'
+ bought_state=2ND
++ ls /mnt/c/Users/bduy1/Desktop/PHASE-IMG//phase15-img
++ grep 'wcf zaborn-fidex2-archives'
+ file='[VN]_wcf zaborn-fidex2-archives_[2ND]'
+ file1='[VN]_wcf zaborn-fidex2-archives_[2ND]'
+ '[' -z '[VN]_wcf zaborn-fidex2-archives_[2ND]' ']'
+ '[' '[VN]_wcf zaborn-fidex2-archives_[2ND]' = '[VN]_wcf zaborn-fidex2-archives_[2ND]' ']'
+ echo -e '\033[0;36mFolder /mnt/c/Users/bduy1/Desktop/PHASE-IMG//phase15-img/[VN]_wcf zaborn-fidex2-archives_[2ND] already changed the name and state\033[0m'
[0;36mFolder /mnt/c/Users/bduy1/Desktop/PHASE-IMG//phase15-img/[VN]_wcf zaborn-fidex2-archives_[2ND] already changed the name and state[0m
+ IFS=
+ read -r line
++ echo waver-ichiban,2ND
++ cut -d , -f 1
+ bought_name=waver-ichiban
++ echo waver-ichiban,2ND
++ cut -d , -f 2
+ bought_state=2ND
++ ls /mnt/c/Users/bduy1/Desktop/PHASE-IMG//phase15-img
++ grep waver-ichiban
+ file='[VN]_waver-ichiban_[2ND]'
+ file1='[VN]_waver-ichiban_[2ND]'
+ '[' -z '[VN]_waver-ichiban_[2ND]' ']'
+ '[' '[VN]_waver-ichiban_[2ND]' = '[VN]_waver-ichiban_[2ND]' ']'
+ echo -e '\033[0;36mFolder /mnt/c/Users/bduy1/Desktop/PHASE-IMG//phase15-img/[VN]_waver-ichiban_[2ND] already changed the name and state\033[0m'
[0;36mFolder /mnt/c/Users/bduy1/Desktop/PHASE-IMG//phase15-img/[VN]_waver-ichiban_[2ND] already changed the name and state[0m
+ IFS=
+ read -r line
++ cat /mnt/c/Users/bduy1/Desktop/PHASE-IMG//phase15-img/list_hang.txt
++ sed '/^\s*$/d'
++ wc -l
+ total_product_list=4
+ echo ---------------------------------------------
+ echo 'Tổng đơn: 4'
+ echo ---------------------------------------------
